<?xml version="1.0" encoding="UTF-8"?>
<testsuite name="ch.appuio.techlab.Springboots2idemoApplicationTests" tests="1" skipped="0" failures="0" errors="0" timestamp="2021-03-18T23:29:22" hostname="nouman" time="0.083">
  <properties/>
  <testcase name="contextLoads" classname="ch.appuio.techlab.Springboots2idemoApplicationTests" time="0.083"/>
  <system-out><![CDATA[04:29:14.239 [Test worker] DEBUG org.springframework.test.context.junit4.SpringJUnit4ClassRunner - SpringJUnit4ClassRunner constructor called with [class ch.appuio.techlab.Springboots2idemoApplicationTests]
04:29:14.250 [Test worker] DEBUG org.springframework.test.context.BootstrapUtils - Instantiating CacheAwareContextLoaderDelegate from class [org.springframework.test.context.cache.DefaultCacheAwareContextLoaderDelegate]
04:29:14.271 [Test worker] DEBUG org.springframework.test.context.BootstrapUtils - Instantiating BootstrapContext using constructor [public org.springframework.test.context.support.DefaultBootstrapContext(java.lang.Class,org.springframework.test.context.CacheAwareContextLoaderDelegate)]
04:29:14.347 [Test worker] DEBUG org.springframework.test.context.BootstrapUtils - Instantiating TestContextBootstrapper for test class [ch.appuio.techlab.Springboots2idemoApplicationTests] from class [org.springframework.boot.test.context.SpringBootTestContextBootstrapper]
04:29:14.367 [Test worker] INFO org.springframework.boot.test.context.SpringBootTestContextBootstrapper - Neither @ContextConfiguration nor @ContextHierarchy found for test class [ch.appuio.techlab.Springboots2idemoApplicationTests], using SpringBootContextLoader
04:29:14.371 [Test worker] DEBUG org.springframework.test.context.support.AbstractContextLoader - Did not detect default resource location for test class [ch.appuio.techlab.Springboots2idemoApplicationTests]: class path resource [ch/appuio/techlab/Springboots2idemoApplicationTests-context.xml] does not exist
04:29:14.374 [Test worker] DEBUG org.springframework.test.context.support.AbstractContextLoader - Did not detect default resource location for test class [ch.appuio.techlab.Springboots2idemoApplicationTests]: class path resource [ch/appuio/techlab/Springboots2idemoApplicationTestsContext.groovy] does not exist
04:29:14.375 [Test worker] INFO org.springframework.test.context.support.AbstractContextLoader - Could not detect default resource locations for test class [ch.appuio.techlab.Springboots2idemoApplicationTests]: no resource found for suffixes {-context.xml, Context.groovy}.
04:29:14.378 [Test worker] INFO org.springframework.test.context.support.AnnotationConfigContextLoaderUtils - Could not detect default configuration classes for test class [ch.appuio.techlab.Springboots2idemoApplicationTests]: Springboots2idemoApplicationTests does not declare any static, non-private, non-final, nested classes annotated with @Configuration.
04:29:14.482 [Test worker] DEBUG org.springframework.test.context.support.ActiveProfilesUtils - Could not find an 'annotation declaring class' for annotation type [org.springframework.test.context.ActiveProfiles] and class [ch.appuio.techlab.Springboots2idemoApplicationTests]
04:29:14.559 [Test worker] DEBUG org.springframework.context.annotation.ClassPathScanningCandidateComponentProvider - Identified candidate component class: file [/home/nouman/example-spring-boot-helloworld/build/classes/java/main/ch/appuio/techlab/Springboots2idemoApplication.class]
04:29:14.560 [Test worker] INFO org.springframework.boot.test.context.SpringBootTestContextBootstrapper - Found @SpringBootConfiguration ch.appuio.techlab.Springboots2idemoApplication for test class ch.appuio.techlab.Springboots2idemoApplicationTests
04:29:14.686 [Test worker] DEBUG org.springframework.boot.test.context.SpringBootTestContextBootstrapper - @TestExecutionListeners is not present for class [ch.appuio.techlab.Springboots2idemoApplicationTests]: using defaults.
04:29:14.687 [Test worker] INFO org.springframework.boot.test.context.SpringBootTestContextBootstrapper - Loaded default TestExecutionListener class names from location [META-INF/spring.factories]: [org.springframework.boot.test.autoconfigure.restdocs.RestDocsTestExecutionListener, org.springframework.boot.test.autoconfigure.web.client.MockRestServiceServerResetTestExecutionListener, org.springframework.boot.test.autoconfigure.web.servlet.MockMvcPrintOnlyOnFailureTestExecutionListener, org.springframework.boot.test.autoconfigure.web.servlet.WebDriverTestExecutionListener, org.springframework.boot.test.autoconfigure.webservices.client.MockWebServiceServerTestExecutionListener, org.springframework.boot.test.mock.mockito.MockitoTestExecutionListener, org.springframework.boot.test.mock.mockito.ResetMocksTestExecutionListener, org.springframework.test.context.web.ServletTestExecutionListener, org.springframework.test.context.support.DirtiesContextBeforeModesTestExecutionListener, org.springframework.test.context.support.DependencyInjectionTestExecutionListener, org.springframework.test.context.support.DirtiesContextTestExecutionListener, org.springframework.test.context.transaction.TransactionalTestExecutionListener, org.springframework.test.context.jdbc.SqlScriptsTestExecutionListener, org.springframework.test.context.event.EventPublishingTestExecutionListener]
04:29:14.704 [Test worker] INFO org.springframework.boot.test.context.SpringBootTestContextBootstrapper - Using TestExecutionListeners: [org.springframework.test.context.web.ServletTestExecutionListener@3860ceec, org.springframework.test.context.support.DirtiesContextBeforeModesTestExecutionListener@179cabb2, org.springframework.boot.test.mock.mockito.MockitoTestExecutionListener@6184ed70, org.springframework.boot.test.autoconfigure.SpringBootDependencyInjectionTestExecutionListener@4dcdb3c4, org.springframework.test.context.support.DirtiesContextTestExecutionListener@7364033f, org.springframework.test.context.transaction.TransactionalTestExecutionListener@157e7da, org.springframework.test.context.jdbc.SqlScriptsTestExecutionListener@477e65ed, org.springframework.test.context.event.EventPublishingTestExecutionListener@670dbd55, org.springframework.boot.test.autoconfigure.restdocs.RestDocsTestExecutionListener@34a32770, org.springframework.boot.test.autoconfigure.web.client.MockRestServiceServerResetTestExecutionListener@a747f09, org.springframework.boot.test.autoconfigure.web.servlet.MockMvcPrintOnlyOnFailureTestExecutionListener@3e1132a7, org.springframework.boot.test.autoconfigure.web.servlet.WebDriverTestExecutionListener@347cd725, org.springframework.boot.test.autoconfigure.webservices.client.MockWebServiceServerTestExecutionListener@19c9ee7d, org.springframework.boot.test.mock.mockito.ResetMocksTestExecutionListener@306c567a]
04:29:14.705 [Test worker] DEBUG org.springframework.test.annotation.ProfileValueUtils - Retrieved @ProfileValueSourceConfiguration [null] for test class [ch.appuio.techlab.Springboots2idemoApplicationTests]
04:29:14.707 [Test worker] DEBUG org.springframework.test.annotation.ProfileValueUtils - Retrieved ProfileValueSource type [class org.springframework.test.annotation.SystemProfileValueSource] for class [ch.appuio.techlab.Springboots2idemoApplicationTests]
04:29:14.709 [Test worker] DEBUG org.springframework.test.annotation.ProfileValueUtils - Retrieved @ProfileValueSourceConfiguration [null] for test class [ch.appuio.techlab.Springboots2idemoApplicationTests]
04:29:14.710 [Test worker] DEBUG org.springframework.test.annotation.ProfileValueUtils - Retrieved ProfileValueSource type [class org.springframework.test.annotation.SystemProfileValueSource] for class [ch.appuio.techlab.Springboots2idemoApplicationTests]
04:29:14.711 [Test worker] DEBUG org.springframework.test.annotation.ProfileValueUtils - Retrieved @ProfileValueSourceConfiguration [null] for test class [ch.appuio.techlab.Springboots2idemoApplicationTests]
04:29:14.711 [Test worker] DEBUG org.springframework.test.annotation.ProfileValueUtils - Retrieved ProfileValueSource type [class org.springframework.test.annotation.SystemProfileValueSource] for class [ch.appuio.techlab.Springboots2idemoApplicationTests]
04:29:14.712 [Test worker] DEBUG org.springframework.test.annotation.ProfileValueUtils - Retrieved @ProfileValueSourceConfiguration [null] for test class [ch.appuio.techlab.Springboots2idemoApplicationTests]
04:29:14.712 [Test worker] DEBUG org.springframework.test.annotation.ProfileValueUtils - Retrieved ProfileValueSource type [class org.springframework.test.annotation.SystemProfileValueSource] for class [ch.appuio.techlab.Springboots2idemoApplicationTests]
04:29:14.717 [Test worker] DEBUG org.springframework.test.context.support.AbstractDirtiesContextTestExecutionListener - Before test class: context [DefaultTestContext@699102aa testClass = Springboots2idemoApplicationTests, testInstance = [null], testMethod = [null], testException = [null], mergedContextConfiguration = [WebMergedContextConfiguration@25ea74c9 testClass = Springboots2idemoApplicationTests, locations = '{}', classes = '{class ch.appuio.techlab.Springboots2idemoApplication}', contextInitializerClasses = '[]', activeProfiles = '{}', propertySourceLocations = '{}', propertySourceProperties = '{org.springframework.boot.test.context.SpringBootTestContextBootstrapper=true}', contextCustomizers = set[org.springframework.boot.test.autoconfigure.actuate.metrics.MetricsExportContextCustomizerFactory$DisableMetricExportContextCustomizer@4f92b0ad, org.springframework.boot.test.autoconfigure.properties.PropertyMappingContextCustomizer@0, org.springframework.boot.test.autoconfigure.web.servlet.WebDriverContextCustomizerFactory$Customizer@6c04976b, org.springframework.boot.test.context.filter.ExcludeFilterContextCustomizer@12f3eb65, org.springframework.boot.test.json.DuplicateJsonObjectContextCustomizerFactory$DuplicateJsonObjectContextCustomizer@471d1f83, org.springframework.boot.test.mock.mockito.MockitoContextCustomizer@0, org.springframework.boot.test.web.client.TestRestTemplateContextCustomizer@ab3326c, org.springframework.test.context.web.socket.MockServerContainerContextCustomizer@2044af2b, org.springframework.boot.test.context.SpringBootTestArgs@1, org.springframework.boot.test.context.SpringBootTestWebEnvironment@46bdba80], resourceBasePath = 'src/main/webapp', contextLoader = 'org.springframework.boot.test.context.SpringBootContextLoader', parent = [null]], attributes = map['org.springframework.test.context.web.ServletTestExecutionListener.activateListener' -> true]], class annotated with @DirtiesContext [false] with mode [null].
04:29:14.719 [Test worker] DEBUG org.springframework.test.annotation.ProfileValueUtils - Retrieved @ProfileValueSourceConfiguration [null] for test class [ch.appuio.techlab.Springboots2idemoApplicationTests]
04:29:14.720 [Test worker] DEBUG org.springframework.test.annotation.ProfileValueUtils - Retrieved ProfileValueSource type [class org.springframework.test.annotation.SystemProfileValueSource] for class [ch.appuio.techlab.Springboots2idemoApplicationTests]
04:29:14.742 [Test worker] DEBUG org.springframework.test.context.support.TestPropertySourceUtils - Adding inlined properties to environment: {spring.jmx.enabled=false, org.springframework.boot.test.context.SpringBootTestContextBootstrapper=true}

  .   ____          _            __ _ _
 /\\ / ___'_ __ _ _(_)_ __  __ _ \ \ \ \
( ( )\___ | '_ | '_| | '_ \/ _` | \ \ \ \
 \\/  ___)| |_)| | | | | || (_| |  ) ) ) )
  '  |____| .__|_| |_|_| |_\__, | / / / /
 =========|_|==============|___/=/_/_/_/
 :: Spring Boot ::                (v2.4.1)

2021-03-19 04:29:15.437  INFO 19515 --- [    Test worker] c.a.t.Springboots2idemoApplicationTests  : Starting Springboots2idemoApplicationTests using Java 11.0.10 on nouman with PID 19515 (started by nouman in /home/nouman/example-spring-boot-helloworld)
2021-03-19 04:29:15.442  INFO 19515 --- [    Test worker] c.a.t.Springboots2idemoApplicationTests  : No active profile set, falling back to default profiles: default
2021-03-19 04:29:16.661  INFO 19515 --- [    Test worker] .s.d.r.c.RepositoryConfigurationDelegate : Bootstrapping Spring Data JPA repositories in DEFAULT mode.
2021-03-19 04:29:16.721  INFO 19515 --- [    Test worker] .s.d.r.c.RepositoryConfigurationDelegate : Finished Spring Data repository scanning in 51 ms. Found 1 JPA repository interfaces.
2021-03-19 04:29:17.214  INFO 19515 --- [    Test worker] com.zaxxer.hikari.HikariDataSource       : HikariPool-1 - Starting...
2021-03-19 04:29:17.443  INFO 19515 --- [    Test worker] com.zaxxer.hikari.HikariDataSource       : HikariPool-1 - Start completed.
2021-03-19 04:29:19.624  INFO 19515 --- [    Test worker] l.lockservice.StandardLockService        : Successfully acquired change log lock
2021-03-19 04:29:20.043  INFO 19515 --- [    Test worker] l.c.StandardChangeLogHistoryService      : Creating database history table with name: PUBLIC.DATABASECHANGELOG
2021-03-19 04:29:20.049  INFO 19515 --- [    Test worker] l.c.StandardChangeLogHistoryService      : Reading from PUBLIC.DATABASECHANGELOG
2021-03-19 04:29:20.098  INFO 19515 --- [    Test worker] liquibase.changelog.ChangeSet            : Table hello created
2021-03-19 04:29:20.099  INFO 19515 --- [    Test worker] liquibase.changelog.ChangeSet            : ChangeSet classpath:/db/changelog/db.changelog-master.xml::1-createTableHello::appuio ran successfully in 8ms
2021-03-19 04:29:20.113  INFO 19515 --- [    Test worker] l.lockservice.StandardLockService        : Successfully released change log lock
2021-03-19 04:29:20.263  INFO 19515 --- [    Test worker] o.hibernate.jpa.internal.util.LogHelper  : HHH000204: Processing PersistenceUnitInfo [name: default]
2021-03-19 04:29:20.312  INFO 19515 --- [    Test worker] org.hibernate.Version                    : HHH000412: Hibernate ORM core version 5.4.25.Final
2021-03-19 04:29:20.446  INFO 19515 --- [    Test worker] o.hibernate.annotations.common.Version   : HCANN000001: Hibernate Commons Annotations {5.1.2.Final}
2021-03-19 04:29:20.566  INFO 19515 --- [    Test worker] org.hibernate.dialect.Dialect            : HHH000400: Using dialect: org.hibernate.dialect.H2Dialect
2021-03-19 04:29:21.075  INFO 19515 --- [    Test worker] o.h.e.t.j.p.i.JtaPlatformInitiator       : HHH000490: Using JtaPlatform implementation: [org.hibernate.engine.transaction.jta.platform.internal.NoJtaPlatform]
2021-03-19 04:29:21.087  INFO 19515 --- [    Test worker] j.LocalContainerEntityManagerFactoryBean : Initialized JPA EntityManagerFactory for persistence unit 'default'
2021-03-19 04:29:21.672  WARN 19515 --- [    Test worker] JpaBaseConfiguration$JpaWebConfiguration : spring.jpa.open-in-view is enabled by default. Therefore, database queries may be performed during view rendering. Explicitly configure spring.jpa.open-in-view to disable this warning
2021-03-19 04:29:22.023  INFO 19515 --- [    Test worker] o.s.s.concurrent.ThreadPoolTaskExecutor  : Initializing ExecutorService 'applicationTaskExecutor'
2021-03-19 04:29:22.127  INFO 19515 --- [    Test worker] o.s.b.a.w.s.WelcomePageHandlerMapping    : Adding welcome page: class path resource [static/index.html]
2021-03-19 04:29:22.629  INFO 19515 --- [    Test worker] c.a.t.Springboots2idemoApplicationTests  : Started Springboots2idemoApplicationTests in 7.879 seconds (JVM running for 9.212)
]]></system-out>
  <system-err><![CDATA[]]></system-err>
</testsuite>
